2024/04/06 12:42:58.335198 [INFO] 2024-04-06 12:42:58 app.go:47 Запуск сервера на http://localhost:4141
2024/04/06 12:44:17.455766 [INFO] 2024-04-06 12:44:17 app.go:54 принят сигнал прерывания прерывание interrupt
2024/04/06 12:44:17.456272 [ERROR] 2024-04-06 12:44:17 app.go:43 Остановка сервера:: http: Server closed
2024/04/06 12:44:20.461646 [INFO] 2024-04-06 12:44:20 app.go:42 Запуск сервера на http://localhost:4141
2024/04/06 12:45:21.144456 [INFO] 2024-04-06 12:45:21 app.go:49 принят сигнал прерывания прерывание interrupt
2024/04/06 12:45:21.144960 [ERROR] 2024-04-06 12:45:21 app.go:38 Остановка сервера:: http: Server closed
2024/04/06 12:45:22.423281 [INFO] 2024-04-06 12:45:22 postgres.go:44 Postgres пытается подключиться, попыток осталось: 10
2024/04/06 12:45:24.430295 [INFO] 2024-04-06 12:45:24 postgres.go:44 Postgres пытается подключиться, попыток осталось: 9
2024/04/06 12:45:26.434292 [INFO] 2024-04-06 12:45:26 postgres.go:44 Postgres пытается подключиться, попыток осталось: 8
2024/04/06 12:45:28.457688 [INFO] 2024-04-06 12:45:28 postgres.go:44 Postgres пытается подключиться, попыток осталось: 7
2024/04/06 12:45:30.465505 [INFO] 2024-04-06 12:45:30 postgres.go:44 Postgres пытается подключиться, попыток осталось: 6
2024/04/06 12:45:32.472397 [INFO] 2024-04-06 12:45:32 postgres.go:44 Postgres пытается подключиться, попыток осталось: 5
2024/04/06 12:45:34.492155 [INFO] 2024-04-06 12:45:34 postgres.go:44 Postgres пытается подключиться, попыток осталось: 4
2024/04/06 12:45:36.496061 [INFO] 2024-04-06 12:45:36 postgres.go:44 Postgres пытается подключиться, попыток осталось: 3
2024/04/06 12:45:38.507812 [INFO] 2024-04-06 12:45:38 postgres.go:44 Postgres пытается подключиться, попыток осталось: 2
2024/04/06 12:45:40.528107 [INFO] 2024-04-06 12:45:40 postgres.go:44 Postgres пытается подключиться, попыток осталось: 1
2024/04/06 12:45:42.545402 [FATAL] 2024-04-06 12:45:42 app.go:20 ошибка запуска - postgres.New:: postgres - NewPostgres - connAttempts == 0: failed to connect to `host=localhost user=postgres database=clean-tz`: dial error (dial tcp 127.0.0.1:49171: connectex: No connection could be made because the target machine actively refused it.)
2024/04/06 16:57:38.791694 [INFO] 2024-04-06 16:57:38 app.go:42 Запуск сервера на http://localhost:4141
2024/04/06 17:30:39.486000 [INFO] 2024-04-06 17:30:39 app.go:49 принят сигнал прерывания прерывание interrupt
2024/04/06 17:30:39.486769 [ERROR] 2024-04-06 17:30:39 app.go:38 Остановка сервера:: http: Server closed
2024/04/06 17:33:04.756865 [INFO] 2024-04-06 17:33:04 app.go:42 Запуск сервера на http://localhost:4141
2024/04/06 17:33:08.746913 [INFO] 2024-04-06 17:33:08 app.go:49 принят сигнал прерывания прерывание interrupt
2024/04/06 17:33:08.746913 [ERROR] 2024-04-06 17:33:08 app.go:38 Остановка сервера:: http: Server closed
